#
# There is insufficient memory for the Java Runtime Environment to continue.
# Native memory allocation (mmap) failed to map 134217728 bytes. Error detail: G1 virtual space
# Possible reasons:
#   The system is out of physical RAM or swap space
#   This process is running with CompressedOops enabled, and the Java Heap may be blocking the growth of the native heap
# Possible solutions:
#   Reduce memory load on the system
#   Increase physical memory or swap space
#   Check if swap backing store is full
#   Decrease Java heap size (-Xmx/-Xms)
#   Decrease number of Java threads
#   Decrease Java thread stack sizes (-Xss)
#   Set larger code cache with -XX:ReservedCodeCacheSize=
#   JVM is running with Unscaled Compressed Oops mode in which the Java heap is
#     placed in the first 4GB address space. The Java Heap base address is the
#     maximum limit for the native heap growth. Please use -XX:HeapBaseMinAddress
#     to set the Java Heap base and to place the Java Heap above 4GB virtual address.
# This output file may be truncated or incomplete.
#
#  Out of Memory Error (os_windows.cpp:3686), pid=21780, tid=5556
#
# JRE version:  (21.0.6+7) (build )
# Java VM: OpenJDK 64-Bit Server VM (21.0.6+7-LTS, mixed mode, sharing, tiered, compressed oops, compressed class ptrs, g1 gc, windows-amd64)
# No core dump will be written. Minidumps are not enabled by default on client versions of Windows
#

---------------  S U M M A R Y ------------

Command Line: -Dfile.encoding=UTF-8 -Dstdout.encoding=UTF-8 -Dstderr.encoding=UTF-8 -XX:+ShowCodeDetailsInExceptionMessages marking.Marker

Host: Intel(R) Core(TM) i5-8350U CPU @ 1.70GHz, 8 cores, 7G,  Windows 11 , 64 bit Build 26100 (10.0.26100.3624)
Time: Sun Apr  6 15:32:11 2025 Pakistan Standard Time elapsed time: 0.026271 seconds (0d 0h 0m 0s)

---------------  T H R E A D  ---------------

Current thread (0x000002b4b78eef40):  JavaThread "Unknown thread" [_thread_in_vm, id=5556, stack(0x000000e63ce00000,0x000000e63cf00000) (1024K)]

Stack: [0x000000e63ce00000,0x000000e63cf00000]
Native frames: (J=compiled Java code, j=interpreted, Vv=VM code, C=native code)
V  [jvm.dll+0x6cdee9]
V  [jvm.dll+0x8a83d1]
V  [jvm.dll+0x8aa8fe]
V  [jvm.dll+0x8aafe3]
V  [jvm.dll+0x27f706]
V  [jvm.dll+0x6ca755]
V  [jvm.dll+0x6bea3a]
V  [jvm.dll+0x355d6a]
V  [jvm.dll+0x35d936]
V  [jvm.dll+0x3af58e]
V  [jvm.dll+0x3af838]
V  [jvm.dll+0x329efc]
V  [jvm.dll+0x32aa5b]
V  [jvm.dll+0x871639]
V  [jvm.dll+0x3bc361]
V  [jvm.dll+0x85a763]
V  [jvm.dll+0x45066e]
V  [jvm.dll+0x4522b1]
C  [jli.dll+0x5278]
C  [ucrtbase.dll+0x37b0]
C  [KERNEL32.DLL+0x2e8d7]
C  [ntdll.dll+0xb14fc]


---------------  P R O C E S S  ---------------

Threads class SMR info:
_java_thread_list=0x00007ffdf3f1a0c8, length=0, elements={
}

Java Threads: ( => current thread )
Total: 0

Other Threads:
  0x000002b4b9db3fb0 WorkerThread "GC Thread#0"                     [id=4940, stack(0x000000e63cf00000,0x000000e63d000000) (1024K)]
  0x000002b4b9dc5fe0 ConcurrentGCThread "G1 Main Marker"            [id=15328, stack(0x000000e63d000000,0x000000e63d100000) (1024K)]
  0x000002b4b9dc8100 WorkerThread "G1 Conc#0"                       [id=6732, stack(0x000000e63d100000,0x000000e63d200000) (1024K)]

[error occurred during error reporting (printing all threads), id 0xc0000005, EXCEPTION_ACCESS_VIOLATION (0xc0000005) at pc=0x00007ffdf361c827]
VM state: not at safepoint (not fully initialized)

VM Mutex/Monitor currently owned by a thread:  ([mutex/lock_event])
[0x00007ffdf3f8e480] Heap_lock - owner thread: 0x000002b4b78eef40

Heap address: 0x0000000081e00000, size: 2018 MB, Compressed Oops mode: 32-bit

CDS archive(s) mapped at: [0x0000000000000000-0x0000000000000000-0x0000000000000000), size 0, SharedBaseAddress: 0x0000000800000000, ArchiveRelocationMode: 1.
Narrow klass base: 0x0000000000000000, Narrow klass shift: 0, Narrow klass range: 0x0

GC Precious Log:
 CardTable entry size: 512
 Card Set container configuration: InlinePtr #cards 5 size 8 Array Of Cards #cards 12 size 40 Howl #buckets 4 coarsen threshold 1843 Howl Bitmap #cards 512 size 80 coarsen threshold 460 Card regions per heap region 1 cards per card region 2048

Heap:
 garbage-first heap   total 0K, used 0K [0x0000000081e00000, 0x0000000100000000)
  region size 1024K, 0 young (0K), 0 survivors (0K)

[error occurred during error reporting (printing heap information), id 0xc0000005, EXCEPTION_ACCESS_VIOLATION (0xc0000005) at pc=0x00007ffdf3a079b9]
GC Heap History (0 events):
No events

Dll operation events (1 events):
Event: 0.016 Loaded shared library C:\Users\Danish Laptop\.p2\pool\plugins\org.eclipse.justj.openjdk.hotspot.jre.full.win32.x86_64_21.0.6.v20250130-0529\jre\bin\java.dll

Deoptimization events (0 events):
No events

Classes loaded (0 events):
No events

Classes unloaded (0 events):
No events

Classes redefined (0 events):
No events

Internal exceptions (0 events):
No events

ZGC Phase Switch (0 events):
No events

VM Operations (0 events):
No events

Memory protections (0 events):
No events

Nmethod flushes (0 events):
No events

Events (0 events):
No events


Dynamic libraries:
0x00007ff6ad8a0000 - 0x00007ff6ad8ae000 	C:\Users\Danish Laptop\.p2\pool\plugins\org.eclipse.justj.openjdk.hotspot.jre.full.win32.x86_64_21.0.6.v20250130-0529\jre\bin\javaw.exe
0x00007ffe758a0000 - 0x00007ffe75b00000 	C:\WINDOWS\SYSTEM32\ntdll.dll
0x00007ffe74850000 - 0x00007ffe74917000 	C:\WINDOWS\System32\KERNEL32.DLL
0x00007ffe73030000 - 0x00007ffe733fb000 	C:\WINDOWS\System32\KERNELBASE.dll
0x00007ffe6b7b0000 - 0x00007ffe6b84c000 	C:\WINDOWS\SYSTEM32\apphelp.dll
0x00007ffe72bf0000 - 0x00007ffe72d3b000 	C:\WINDOWS\System32\ucrtbase.dll
0x00007ffe44fe0000 - 0x00007ffe44ff8000 	C:\Users\Danish Laptop\.p2\pool\plugins\org.eclipse.justj.openjdk.hotspot.jre.full.win32.x86_64_21.0.6.v20250130-0529\jre\bin\jli.dll
0x00007ffe5a380000 - 0x00007ffe5a39e000 	C:\Users\Danish Laptop\.p2\pool\plugins\org.eclipse.justj.openjdk.hotspot.jre.full.win32.x86_64_21.0.6.v20250130-0529\jre\bin\VCRUNTIME140.dll
0x00007ffe74640000 - 0x00007ffe7480c000 	C:\WINDOWS\System32\USER32.dll
0x00007ffe62fb0000 - 0x00007ffe63247000 	C:\WINDOWS\WinSxS\amd64_microsoft.windows.common-controls_6595b64144ccf1df_6.0.26100.3624_none_3e086962e3345f24\COMCTL32.dll
0x00007ffe72bc0000 - 0x00007ffe72be7000 	C:\WINDOWS\System32\win32u.dll
0x00007ffe73fd0000 - 0x00007ffe74079000 	C:\WINDOWS\System32\msvcrt.dll
0x00007ffe74fc0000 - 0x00007ffe74fea000 	C:\WINDOWS\System32\GDI32.dll
0x00007ffe73400000 - 0x00007ffe73531000 	C:\WINDOWS\System32\gdi32full.dll
0x00007ffe72a80000 - 0x00007ffe72b23000 	C:\WINDOWS\System32\msvcp_win.dll
0x00007ffe74810000 - 0x00007ffe7483f000 	C:\WINDOWS\System32\IMM32.DLL
0x00007ffe63e70000 - 0x00007ffe63e7c000 	C:\Users\Danish Laptop\.p2\pool\plugins\org.eclipse.justj.openjdk.hotspot.jre.full.win32.x86_64_21.0.6.v20250130-0529\jre\bin\vcruntime140_1.dll
0x00007ffe3cba0000 - 0x00007ffe3cc2d000 	C:\Users\Danish Laptop\.p2\pool\plugins\org.eclipse.justj.openjdk.hotspot.jre.full.win32.x86_64_21.0.6.v20250130-0529\jre\bin\msvcp140.dll
0x00007ffdf32e0000 - 0x00007ffdf4070000 	C:\Users\Danish Laptop\.p2\pool\plugins\org.eclipse.justj.openjdk.hotspot.jre.full.win32.x86_64_21.0.6.v20250130-0529\jre\bin\server\jvm.dll
0x00007ffe755c0000 - 0x00007ffe75673000 	C:\WINDOWS\System32\ADVAPI32.dll
0x00007ffe74590000 - 0x00007ffe74636000 	C:\WINDOWS\System32\sechost.dll
0x00007ffe74d40000 - 0x00007ffe74e56000 	C:\WINDOWS\System32\RPCRT4.dll
0x00007ffe74cc0000 - 0x00007ffe74d34000 	C:\WINDOWS\System32\WS2_32.dll
0x00007ffe72920000 - 0x00007ffe7297e000 	C:\WINDOWS\SYSTEM32\POWRPROF.dll
0x00007ffe68530000 - 0x00007ffe6853b000 	C:\WINDOWS\SYSTEM32\VERSION.dll
0x00007ffe62ce0000 - 0x00007ffe62d16000 	C:\WINDOWS\SYSTEM32\WINMM.dll
0x00007ffe72900000 - 0x00007ffe72914000 	C:\WINDOWS\SYSTEM32\UMPDC.dll
0x00007ffe71850000 - 0x00007ffe7186a000 	C:\WINDOWS\SYSTEM32\kernel.appcore.dll
0x00007ffe69aa0000 - 0x00007ffe69aaa000 	C:\Users\Danish Laptop\.p2\pool\plugins\org.eclipse.justj.openjdk.hotspot.jre.full.win32.x86_64_21.0.6.v20250130-0529\jre\bin\jimage.dll
0x00007ffe70320000 - 0x00007ffe70561000 	C:\WINDOWS\SYSTEM32\DBGHELP.DLL
0x00007ffe74930000 - 0x00007ffe74cb3000 	C:\WINDOWS\System32\combase.dll
0x00007ffe75340000 - 0x00007ffe75416000 	C:\WINDOWS\System32\OLEAUT32.dll
0x00007ffe43f20000 - 0x00007ffe43f59000 	C:\WINDOWS\SYSTEM32\dbgcore.DLL
0x00007ffe73600000 - 0x00007ffe73699000 	C:\WINDOWS\System32\bcryptPrimitives.dll
0x00007ffe576e0000 - 0x00007ffe576ff000 	C:\Users\Danish Laptop\.p2\pool\plugins\org.eclipse.justj.openjdk.hotspot.jre.full.win32.x86_64_21.0.6.v20250130-0529\jre\bin\java.dll

dbghelp: loaded successfully - version: 4.0.5 - missing functions: none
symbol engine: initialized successfully - sym options: 0x614 - pdb path: .;C:\Users\Danish Laptop\.p2\pool\plugins\org.eclipse.justj.openjdk.hotspot.jre.full.win32.x86_64_21.0.6.v20250130-0529\jre\bin;C:\WINDOWS\SYSTEM32;C:\WINDOWS\WinSxS\amd64_microsoft.windows.common-controls_6595b64144ccf1df_6.0.26100.3624_none_3e086962e3345f24;C:\Users\Danish Laptop\.p2\pool\plugins\org.eclipse.justj.openjdk.hotspot.jre.full.win32.x86_64_21.0.6.v20250130-0529\jre\bin\server

VM Arguments:
jvm_args: -Dfile.encoding=UTF-8 -Dstdout.encoding=UTF-8 -Dstderr.encoding=UTF-8 -XX:+ShowCodeDetailsInExceptionMessages 
java_command: marking.Marker
java_class_path (initial): D:\SimFarm\SimFarm\bin
Launcher Type: SUN_STANDARD

[Global flags]
     intx CICompilerCount                          = 4                                         {product} {ergonomic}
     uint ConcGCThreads                            = 2                                         {product} {ergonomic}
     uint G1ConcRefinementThreads                  = 8                                         {product} {ergonomic}
   size_t G1HeapRegionSize                         = 1048576                                   {product} {ergonomic}
    uintx GCDrainStackTargetSize                   = 64                                        {product} {ergonomic}
   size_t InitialHeapSize                          = 134217728                                 {product} {ergonomic}
   size_t MarkStackSize                            = 4194304                                   {product} {ergonomic}
   size_t MaxHeapSize                              = 2116026368                                {product} {ergonomic}
   size_t MinHeapDeltaBytes                        = 1048576                                   {product} {ergonomic}
   size_t MinHeapSize                              = 8388608                                   {product} {ergonomic}
    uintx NonNMethodCodeHeapSize                   = 5839372                                {pd product} {ergonomic}
    uintx NonProfiledCodeHeapSize                  = 122909434                              {pd product} {ergonomic}
    uintx ProfiledCodeHeapSize                     = 122909434                              {pd product} {ergonomic}
    uintx ReservedCodeCacheSize                    = 251658240                              {pd product} {ergonomic}
     bool SegmentedCodeCache                       = true                                      {product} {ergonomic}
     bool ShowCodeDetailsInExceptionMessages       = true                                   {manageable} {command line}
   size_t SoftMaxHeapSize                          = 2116026368                             {manageable} {ergonomic}
     bool UseCompressedOops                        = true                           {product lp64_product} {ergonomic}
     bool UseG1GC                                  = true                                      {product} {ergonomic}
     bool UseLargePagesIndividualAllocation        = false                                  {pd product} {ergonomic}

Logging:
Log output configuration:
 #0: stdout all=warning uptime,level,tags foldmultilines=false
 #1: stderr all=off uptime,level,tags foldmultilines=false

Environment Variables:
JAVA_HOME=C:\Program Files\Java\jdk-23
PATH=C:/Users/Danish Laptop/.p2/pool/plugins/org.eclipse.justj.openjdk.hotspot.jre.full.win32.x86_64_21.0.6.v20250130-0529/jre/bin/server;C:/Users/Danish Laptop/.p2/pool/plugins/org.eclipse.justj.openjdk.hotspot.jre.full.win32.x86_64_21.0.6.v20250130-0529/jre/bin;C:/Users/DANISH~1/AppData/Local/Temp/eoi2E9F.tmp//plugins/org.eclipse.justj.openjdk.hotspot.jre.minimal.stripped.win32.x86_64_21.0.6.v20250130-0529/jre/bin/server;C:/Users/DANISH~1/AppData/Local/Temp/eoi2E9F.tmp//plugins/org.eclipse.justj.openjdk.hotspot.jre.minimal.stripped.win32.x86_64_21.0.6.v20250130-0529/jre/bin;C:\Program Files (x86)\Google\Chrome\Application;C:\Program Files\Common Files\Oracle\Java\javapath;C:\Program Files (x86)\Common Files\Oracle\Java\java8path;C:\Program Files (x86)\Common Files\Oracle\Java\javapath;C:\WINDOWS\system32;C:\WINDOWS;C:\WINDOWS\System32\Wbem;C:\WINDOWS\System32\WindowsPowerShell\v1.0\;C:\WINDOWS\System32\OpenSSH\;C:\Program Files\Java\jdk-23\bin;C:\Program Files\Git\cmd;C:\Program Files\MySQL\MySQL Connector C++ 9.1\include;C:\Program Files\MySQL\MySQL Connector C++ 9.1\lib64;C:\Program Files\MariaDB\MariaDB Connector C 64-bit\lib\;C:\Program Files\MariaDB\MariaDB Connector C 64-bit\lib\plugin\;C:\Program Files\Docker\Docker\resources\bin;C:\Program Files\nodejs\;C:\Program Files\MariaDB\MariaDB Connector C 64-bit\include;C:\Program Files\dotnet\;C:\Users\Danish Laptop\AppData\Local\Programs\Eclipse Adoptium\jdk-21.0.5.11-hotspot\bin;C:\Users\Danish Laptop\AppData\Local\Programs\Python\Python313\Scripts\;C:\Users\Danish Laptop\AppData\Local\Programs\Python\Python313\;C:\Users\Danish Laptop\AppData\Local\Microsoft\WindowsApps;C:\Users\Danish Laptop\AppData\Local\Programs\Microsoft VS Code\bin;C:\Users\Danish Laptop\AppData\Roaming\npm;C:\Program Files\MariaDB\MariaDB Connector C 64-bit\include;"C:\Program Files\PostgreSQL\17\bin;C:\Program Files\Common Files\Oracle\Java\javapath;C:\Program Files (x86)\Common Files\Oracle\Java\java8path;C:\Program Files (x86)\Common Files\Oracle\Java\javapath;C:\WINDOWS\system32;C:\WINDOWS;C:\WINDOWS\System32\Wbem;C:\WINDOWS\System32\WindowsPowerShell\v1.0\;C:\WINDOWS\System32\OpenSSH\;C:\Program Files\Java\jdk-23\bin;C:\Program Files\Git\cmd;C:\Program Files\MySQL\MySQL Connector C++ 9.1\include;C:\Program Files\MySQL\MySQL Connector C++ 9.1\lib64;C:\Program Files\MariaDB\MariaDB Connector C 64-bit\lib\;C:\Program Files\MariaDB\MariaDB Connector C 64-bit\lib\plugin\;C:\Program Files\Docker\Docker\resources\bin;C:\Program Files\nodejs\;C:\Program Files\MariaDB\MariaDB Connector C 64-bit\include;C:\Program Files\dotnet\";C:\Users\Danish Laptop\.dotnet\tools;D:\IntelliJ IDEA 2024.3.4\bin;;C:\Users\Danish Laptop\Downloads;;C:\Users\Danish Laptop\Downloads;
USERNAME=Danish Laptop
OS=Windows_NT
PROCESSOR_IDENTIFIER=Intel64 Family 6 Model 142 Stepping 10, GenuineIntel
TMP=C:\Users\DANISH~1\AppData\Local\Temp
TEMP=C:\Users\DANISH~1\AppData\Local\Temp




Periodic native trim disabled

---------------  S Y S T E M  ---------------

OS:
 Windows 11 , 64 bit Build 26100 (10.0.26100.3624)
OS uptime: 4 days 4:11 hours
Hyper-V role detected

CPU: total 8 (initial active 8) (4 cores per cpu, 2 threads per core) family 6 model 142 stepping 10 microcode 0xe0, cx8, cmov, fxsr, ht, mmx, 3dnowpref, sse, sse2, sse3, ssse3, sse4.1, sse4.2, popcnt, lzcnt, tsc, tscinvbit, avx, avx2, aes, erms, clmul, bmi1, bmi2, rtm, adx, fma, vzeroupper, clflush, clflushopt, hv, rdtscp, f16c
Processor Information for the first 8 processors :
  Max Mhz: 1896, Current Mhz: 1696, Mhz Limit: 1687

Memory: 4k page, system-wide physical 8070M (1145M free)
TotalPageFile size 12993M (AvailPageFile size 126M)
current process WorkingSet (physical memory assigned to process): 13M, peak: 13M
current process commit charge ("private bytes"): 60M, peak: 188M

vm_info: OpenJDK 64-Bit Server VM (21.0.6+7-LTS) for windows-amd64 JRE (21.0.6+7-LTS), built on 2025-01-21T00:00:00Z by "admin" with MS VC++ 17.7 (VS2022)

END.
